running egg_info
writing ../../build/examples_rclpy_minimal_publisher/examples_rclpy_minimal_publisher.egg-info/PKG-INFO
writing dependency_links to ../../build/examples_rclpy_minimal_publisher/examples_rclpy_minimal_publisher.egg-info/dependency_links.txt
writing entry points to ../../build/examples_rclpy_minimal_publisher/examples_rclpy_minimal_publisher.egg-info/entry_points.txt
writing requirements to ../../build/examples_rclpy_minimal_publisher/examples_rclpy_minimal_publisher.egg-info/requires.txt
writing top-level names to ../../build/examples_rclpy_minimal_publisher/examples_rclpy_minimal_publisher.egg-info/top_level.txt
reading manifest file '../../build/examples_rclpy_minimal_publisher/examples_rclpy_minimal_publisher.egg-info/SOURCES.txt'
writing manifest file '../../build/examples_rclpy_minimal_publisher/examples_rclpy_minimal_publisher.egg-info/SOURCES.txt'
running build
running build_py
copying examples_rclpy_minimal_publisher/publisher_local_function.py -> /home/qfw/ros2_example/ros_publish_0913/build/examples_rclpy_minimal_publisher/build/lib/examples_rclpy_minimal_publisher
running install
running install_lib
copying /home/qfw/ros2_example/ros_publish_0913/build/examples_rclpy_minimal_publisher/build/lib/examples_rclpy_minimal_publisher/publisher_local_function.py -> /home/qfw/ros2_example/ros_publish_0913/install/examples_rclpy_minimal_publisher/lib/python3.10/site-packages/examples_rclpy_minimal_publisher
byte-compiling /home/qfw/ros2_example/ros_publish_0913/install/examples_rclpy_minimal_publisher/lib/python3.10/site-packages/examples_rclpy_minimal_publisher/publisher_local_function.py to publisher_local_function.cpython-310.pyc
running install_data
running install_egg_info
removing '/home/qfw/ros2_example/ros_publish_0913/install/examples_rclpy_minimal_publisher/lib/python3.10/site-packages/examples_rclpy_minimal_publisher-0.15.0-py3.10.egg-info' (and everything under it)
Copying ../../build/examples_rclpy_minimal_publisher/examples_rclpy_minimal_publisher.egg-info to /home/qfw/ros2_example/ros_publish_0913/install/examples_rclpy_minimal_publisher/lib/python3.10/site-packages/examples_rclpy_minimal_publisher-0.15.0-py3.10.egg-info
running install_scripts
Installing publisher_local_function script to /home/qfw/ros2_example/ros_publish_0913/install/examples_rclpy_minimal_publisher/lib/examples_rclpy_minimal_publisher
Installing publisher_member_function script to /home/qfw/ros2_example/ros_publish_0913/install/examples_rclpy_minimal_publisher/lib/examples_rclpy_minimal_publisher
Installing publisher_old_school script to /home/qfw/ros2_example/ros_publish_0913/install/examples_rclpy_minimal_publisher/lib/examples_rclpy_minimal_publisher
writing list of installed files to '/home/qfw/ros2_example/ros_publish_0913/build/examples_rclpy_minimal_publisher/install.log'
