[0.463s] Invoking command in '/home/qfw/ros2_example/ros_publish_0913/src/minimal_publisher': PYTHONPATH=/home/qfw/ros2_example/ros_publish_0913/install/examples_rclpy_minimal_publisher/lib/python3.10/site-packages:${PYTHONPATH} /usr/bin/python3 setup.py egg_info --egg-base ../../build/examples_rclpy_minimal_publisher build --build-base /home/qfw/ros2_example/ros_publish_0913/build/examples_rclpy_minimal_publisher/build install --prefix /home/qfw/ros2_example/ros_publish_0913/install/examples_rclpy_minimal_publisher --record /home/qfw/ros2_example/ros_publish_0913/build/examples_rclpy_minimal_publisher/install.log --single-version-externally-managed
[0.646s] running egg_info
[0.646s] writing ../../build/examples_rclpy_minimal_publisher/examples_rclpy_minimal_publisher.egg-info/PKG-INFO
[0.646s] writing dependency_links to ../../build/examples_rclpy_minimal_publisher/examples_rclpy_minimal_publisher.egg-info/dependency_links.txt
[0.646s] writing entry points to ../../build/examples_rclpy_minimal_publisher/examples_rclpy_minimal_publisher.egg-info/entry_points.txt
[0.646s] writing requirements to ../../build/examples_rclpy_minimal_publisher/examples_rclpy_minimal_publisher.egg-info/requires.txt
[0.647s] writing top-level names to ../../build/examples_rclpy_minimal_publisher/examples_rclpy_minimal_publisher.egg-info/top_level.txt
[0.648s] reading manifest file '../../build/examples_rclpy_minimal_publisher/examples_rclpy_minimal_publisher.egg-info/SOURCES.txt'
[0.649s] writing manifest file '../../build/examples_rclpy_minimal_publisher/examples_rclpy_minimal_publisher.egg-info/SOURCES.txt'
[0.649s] running build
[0.649s] running build_py
[0.649s] copying examples_rclpy_minimal_publisher/publisher_local_function.py -> /home/qfw/ros2_example/ros_publish_0913/build/examples_rclpy_minimal_publisher/build/lib/examples_rclpy_minimal_publisher
[0.649s] running install
[0.649s] /usr/lib/python3/dist-packages/setuptools/command/install.py:34: SetuptoolsDeprecationWarning: setup.py install is deprecated. Use build and pip and other standards-based tools.
[0.649s]   warnings.warn(
[0.649s] running install_lib
[0.650s] copying /home/qfw/ros2_example/ros_publish_0913/build/examples_rclpy_minimal_publisher/build/lib/examples_rclpy_minimal_publisher/publisher_local_function.py -> /home/qfw/ros2_example/ros_publish_0913/install/examples_rclpy_minimal_publisher/lib/python3.10/site-packages/examples_rclpy_minimal_publisher
[0.650s] byte-compiling /home/qfw/ros2_example/ros_publish_0913/install/examples_rclpy_minimal_publisher/lib/python3.10/site-packages/examples_rclpy_minimal_publisher/publisher_local_function.py to publisher_local_function.cpython-310.pyc
[0.651s] running install_data
[0.651s] running install_egg_info
[0.652s] removing '/home/qfw/ros2_example/ros_publish_0913/install/examples_rclpy_minimal_publisher/lib/python3.10/site-packages/examples_rclpy_minimal_publisher-0.15.0-py3.10.egg-info' (and everything under it)
[0.652s] Copying ../../build/examples_rclpy_minimal_publisher/examples_rclpy_minimal_publisher.egg-info to /home/qfw/ros2_example/ros_publish_0913/install/examples_rclpy_minimal_publisher/lib/python3.10/site-packages/examples_rclpy_minimal_publisher-0.15.0-py3.10.egg-info
[0.653s] running install_scripts
[0.668s] Installing publisher_local_function script to /home/qfw/ros2_example/ros_publish_0913/install/examples_rclpy_minimal_publisher/lib/examples_rclpy_minimal_publisher
[0.668s] Installing publisher_member_function script to /home/qfw/ros2_example/ros_publish_0913/install/examples_rclpy_minimal_publisher/lib/examples_rclpy_minimal_publisher
[0.668s] Installing publisher_old_school script to /home/qfw/ros2_example/ros_publish_0913/install/examples_rclpy_minimal_publisher/lib/examples_rclpy_minimal_publisher
[0.668s] writing list of installed files to '/home/qfw/ros2_example/ros_publish_0913/build/examples_rclpy_minimal_publisher/install.log'
[0.684s] Invoked command in '/home/qfw/ros2_example/ros_publish_0913/src/minimal_publisher' returned '0': PYTHONPATH=/home/qfw/ros2_example/ros_publish_0913/install/examples_rclpy_minimal_publisher/lib/python3.10/site-packages:${PYTHONPATH} /usr/bin/python3 setup.py egg_info --egg-base ../../build/examples_rclpy_minimal_publisher build --build-base /home/qfw/ros2_example/ros_publish_0913/build/examples_rclpy_minimal_publisher/build install --prefix /home/qfw/ros2_example/ros_publish_0913/install/examples_rclpy_minimal_publisher --record /home/qfw/ros2_example/ros_publish_0913/build/examples_rclpy_minimal_publisher/install.log --single-version-externally-managed
