[0.452s] Invoking command in '/home/qfw/ros2_example/ros_publish_0913/src/minimal_publisher': PYTHONPATH=/home/qfw/ros2_example/ros_publish_0913/install/examples_rclpy_minimal_publisher/lib/python3.10/site-packages:${PYTHONPATH} /usr/bin/python3 setup.py egg_info --egg-base ../../build/examples_rclpy_minimal_publisher build --build-base /home/qfw/ros2_example/ros_publish_0913/build/examples_rclpy_minimal_publisher/build install --prefix /home/qfw/ros2_example/ros_publish_0913/install/examples_rclpy_minimal_publisher --record /home/qfw/ros2_example/ros_publish_0913/build/examples_rclpy_minimal_publisher/install.log --single-version-externally-managed
[0.635s] running egg_info
[0.635s] creating ../../build/examples_rclpy_minimal_publisher/examples_rclpy_minimal_publisher.egg-info
[0.635s] writing ../../build/examples_rclpy_minimal_publisher/examples_rclpy_minimal_publisher.egg-info/PKG-INFO
[0.636s] writing dependency_links to ../../build/examples_rclpy_minimal_publisher/examples_rclpy_minimal_publisher.egg-info/dependency_links.txt
[0.636s] writing entry points to ../../build/examples_rclpy_minimal_publisher/examples_rclpy_minimal_publisher.egg-info/entry_points.txt
[0.636s] writing requirements to ../../build/examples_rclpy_minimal_publisher/examples_rclpy_minimal_publisher.egg-info/requires.txt
[0.636s] writing top-level names to ../../build/examples_rclpy_minimal_publisher/examples_rclpy_minimal_publisher.egg-info/top_level.txt
[0.636s] writing manifest file '../../build/examples_rclpy_minimal_publisher/examples_rclpy_minimal_publisher.egg-info/SOURCES.txt'
[0.637s] reading manifest file '../../build/examples_rclpy_minimal_publisher/examples_rclpy_minimal_publisher.egg-info/SOURCES.txt'
[0.638s] writing manifest file '../../build/examples_rclpy_minimal_publisher/examples_rclpy_minimal_publisher.egg-info/SOURCES.txt'
[0.638s] running build
[0.638s] running build_py
[0.638s] creating /home/qfw/ros2_example/ros_publish_0913/build/examples_rclpy_minimal_publisher/build
[0.638s] creating /home/qfw/ros2_example/ros_publish_0913/build/examples_rclpy_minimal_publisher/build/lib
[0.638s] creating /home/qfw/ros2_example/ros_publish_0913/build/examples_rclpy_minimal_publisher/build/lib/examples_rclpy_minimal_publisher
[0.638s] copying examples_rclpy_minimal_publisher/publisher_old_school.py -> /home/qfw/ros2_example/ros_publish_0913/build/examples_rclpy_minimal_publisher/build/lib/examples_rclpy_minimal_publisher
[0.638s] copying examples_rclpy_minimal_publisher/publisher_local_function.py -> /home/qfw/ros2_example/ros_publish_0913/build/examples_rclpy_minimal_publisher/build/lib/examples_rclpy_minimal_publisher
[0.638s] copying examples_rclpy_minimal_publisher/__init__.py -> /home/qfw/ros2_example/ros_publish_0913/build/examples_rclpy_minimal_publisher/build/lib/examples_rclpy_minimal_publisher
[0.638s] copying examples_rclpy_minimal_publisher/publisher_member_function.py -> /home/qfw/ros2_example/ros_publish_0913/build/examples_rclpy_minimal_publisher/build/lib/examples_rclpy_minimal_publisher
[0.639s] running install
[0.639s] /usr/lib/python3/dist-packages/setuptools/command/install.py:34: SetuptoolsDeprecationWarning: setup.py install is deprecated. Use build and pip and other standards-based tools.
[0.639s]   warnings.warn(
[0.639s] running install_lib
[0.640s] creating /home/qfw/ros2_example/ros_publish_0913/install/examples_rclpy_minimal_publisher/lib/python3.10/site-packages/examples_rclpy_minimal_publisher
[0.640s] copying /home/qfw/ros2_example/ros_publish_0913/build/examples_rclpy_minimal_publisher/build/lib/examples_rclpy_minimal_publisher/publisher_old_school.py -> /home/qfw/ros2_example/ros_publish_0913/install/examples_rclpy_minimal_publisher/lib/python3.10/site-packages/examples_rclpy_minimal_publisher
[0.640s] copying /home/qfw/ros2_example/ros_publish_0913/build/examples_rclpy_minimal_publisher/build/lib/examples_rclpy_minimal_publisher/publisher_local_function.py -> /home/qfw/ros2_example/ros_publish_0913/install/examples_rclpy_minimal_publisher/lib/python3.10/site-packages/examples_rclpy_minimal_publisher
[0.640s] copying /home/qfw/ros2_example/ros_publish_0913/build/examples_rclpy_minimal_publisher/build/lib/examples_rclpy_minimal_publisher/__init__.py -> /home/qfw/ros2_example/ros_publish_0913/install/examples_rclpy_minimal_publisher/lib/python3.10/site-packages/examples_rclpy_minimal_publisher
[0.640s] copying /home/qfw/ros2_example/ros_publish_0913/build/examples_rclpy_minimal_publisher/build/lib/examples_rclpy_minimal_publisher/publisher_member_function.py -> /home/qfw/ros2_example/ros_publish_0913/install/examples_rclpy_minimal_publisher/lib/python3.10/site-packages/examples_rclpy_minimal_publisher
[0.640s] byte-compiling /home/qfw/ros2_example/ros_publish_0913/install/examples_rclpy_minimal_publisher/lib/python3.10/site-packages/examples_rclpy_minimal_publisher/publisher_old_school.py to publisher_old_school.cpython-310.pyc
[0.640s] byte-compiling /home/qfw/ros2_example/ros_publish_0913/install/examples_rclpy_minimal_publisher/lib/python3.10/site-packages/examples_rclpy_minimal_publisher/publisher_local_function.py to publisher_local_function.cpython-310.pyc
[0.641s] byte-compiling /home/qfw/ros2_example/ros_publish_0913/install/examples_rclpy_minimal_publisher/lib/python3.10/site-packages/examples_rclpy_minimal_publisher/__init__.py to __init__.cpython-310.pyc
[0.641s] byte-compiling /home/qfw/ros2_example/ros_publish_0913/install/examples_rclpy_minimal_publisher/lib/python3.10/site-packages/examples_rclpy_minimal_publisher/publisher_member_function.py to publisher_member_function.cpython-310.pyc
[0.641s] running install_data
[0.642s] creating /home/qfw/ros2_example/ros_publish_0913/install/examples_rclpy_minimal_publisher/share/ament_index
[0.642s] creating /home/qfw/ros2_example/ros_publish_0913/install/examples_rclpy_minimal_publisher/share/ament_index/resource_index
[0.642s] creating /home/qfw/ros2_example/ros_publish_0913/install/examples_rclpy_minimal_publisher/share/ament_index/resource_index/packages
[0.642s] copying resource/examples_rclpy_minimal_publisher -> /home/qfw/ros2_example/ros_publish_0913/install/examples_rclpy_minimal_publisher/share/ament_index/resource_index/packages
[0.642s] copying package.xml -> /home/qfw/ros2_example/ros_publish_0913/install/examples_rclpy_minimal_publisher/share/examples_rclpy_minimal_publisher
[0.642s] running install_egg_info
[0.643s] Copying ../../build/examples_rclpy_minimal_publisher/examples_rclpy_minimal_publisher.egg-info to /home/qfw/ros2_example/ros_publish_0913/install/examples_rclpy_minimal_publisher/lib/python3.10/site-packages/examples_rclpy_minimal_publisher-0.15.0-py3.10.egg-info
[0.644s] running install_scripts
[0.659s] Installing publisher_local_function script to /home/qfw/ros2_example/ros_publish_0913/install/examples_rclpy_minimal_publisher/lib/examples_rclpy_minimal_publisher
[0.659s] Installing publisher_member_function script to /home/qfw/ros2_example/ros_publish_0913/install/examples_rclpy_minimal_publisher/lib/examples_rclpy_minimal_publisher
[0.659s] Installing publisher_old_school script to /home/qfw/ros2_example/ros_publish_0913/install/examples_rclpy_minimal_publisher/lib/examples_rclpy_minimal_publisher
[0.659s] writing list of installed files to '/home/qfw/ros2_example/ros_publish_0913/build/examples_rclpy_minimal_publisher/install.log'
[0.675s] Invoked command in '/home/qfw/ros2_example/ros_publish_0913/src/minimal_publisher' returned '0': PYTHONPATH=/home/qfw/ros2_example/ros_publish_0913/install/examples_rclpy_minimal_publisher/lib/python3.10/site-packages:${PYTHONPATH} /usr/bin/python3 setup.py egg_info --egg-base ../../build/examples_rclpy_minimal_publisher build --build-base /home/qfw/ros2_example/ros_publish_0913/build/examples_rclpy_minimal_publisher/build install --prefix /home/qfw/ros2_example/ros_publish_0913/install/examples_rclpy_minimal_publisher --record /home/qfw/ros2_example/ros_publish_0913/build/examples_rclpy_minimal_publisher/install.log --single-version-externally-managed
